<?xml version="1.0" encoding="UTF-8"?>
<testng-results ignored="0" total="1" passed="1" failed="0" skipped="0">
  <reporter-output>
  </reporter-output>
  <suite started-at="2023-11-11T04:44:16Z" name="Surefire suite" finished-at="2023-11-11T04:44:16Z" duration-ms="55">
    <groups>
    </groups>
    <test started-at="2023-11-11T04:44:16Z" name="Surefire test" finished-at="2023-11-11T04:44:16Z" duration-ms="55">
      <class name="testcicd.testcicd.AppTest">
        <test-method signature="shouldAnswerWithTrue()" started-at="2023-11-11T10:14:16Z" name="shouldAnswerWithTrue" finished-at="2023-11-11T10:14:16Z" duration-ms="8" status="PASS">
          <reporter-output>
          </reporter-output>
        </test-method> <!-- shouldAnswerWithTrue -->
      </class> <!-- testcicd.testcicd.AppTest -->
    </test> <!-- Surefire test -->
  </suite> <!-- Surefire suite -->
</testng-results>
