<?xml version="1.0" encoding="UTF-8"?>
<testng-results ignored="0" total="1" passed="1" failed="0" skipped="0">
  <reporter-output>
  </reporter-output>
  <suite started-at="2023-11-11T06:18:09Z" name="Default suite" finished-at="2023-11-11T06:18:46Z" duration-ms="37197">
    <groups>
    </groups>
    <test started-at="2023-11-11T06:18:09Z" name="Default test" finished-at="2023-11-11T06:18:46Z" duration-ms="37197">
      <class name="testcicd.testcicd.testclass">
        <test-method signature="t()[pri:0, instance:testcicd.testcicd.testclass@25f4878b]" started-at="2023-11-11T11:48:09Z" name="t" finished-at="2023-11-11T11:48:46Z" duration-ms="37180" status="PASS">
          <reporter-output>
          </reporter-output>
        </test-method> <!-- t -->
      </class> <!-- testcicd.testcicd.testclass -->
    </test> <!-- Default test -->
  </suite> <!-- Default suite -->
</testng-results>
