<?xml version="1.0" encoding="UTF-8"?>
<testng-results ignored="0" total="1" passed="1" failed="0" skipped="0">
  <reporter-output>
  </reporter-output>
  <suite started-at="2023-11-13T06:03:41Z" name="Suite" finished-at="2023-11-13T06:04:03Z" duration-ms="22508">
    <groups>
    </groups>
    <test started-at="2023-11-13T06:03:41Z" name="Test" finished-at="2023-11-13T06:04:03Z" duration-ms="22508">
      <class name="testcicd.testcicd.testclass">
        <test-method signature="t()[pri:0, instance:testcicd.testcicd.testclass@2d6c53fc]" started-at="2023-11-13T11:33:41Z" name="t" finished-at="2023-11-13T11:34:03Z" duration-ms="22492" status="PASS">
          <reporter-output>
          </reporter-output>
        </test-method> <!-- t -->
      </class> <!-- testcicd.testcicd.testclass -->
    </test> <!-- Test -->
  </suite> <!-- Suite -->
</testng-results>
